dos2unix: converting file utils.sh to Unix format ...
Mon May 09 16:14:27 2016 : Testscript running on redhat_7
Mon May 09 16:14:27 2016 : Successfully initialized testscript!
Mon May 09 16:14:27 2016 : The test parameter STATIC_IP2_V6 is not defined in . No IPV6 related tests will be run.
Mon May 09 16:14:27 2016 : REMOTE_USER set to root
Mon May 09 16:14:27 2016 : The test parameter NO_DELETE is not defined in /root/constants.sh . Generated file will be deleted
Mon May 09 16:14:27 2016 : The test parameter GATEWAY is not defined in constants file . The default gateway will be set for all interfaces.
Mon May 09 16:14:27 2016 : The test parameter DISABLE_NM is not defined in constants file. If the NetworkManager is running it could interfere with the test.
ls: cannot access : No such file or directory
Mon May 09 16:14:27 2016 : Found 1 synthetic interface(s): eth1 in VM

Determining IP information for eth1... done.
net.ipv4.conf.all.rp_filter = 0
net.ipv4.conf.default.rp_filter = 0
net.ipv4.conf.eth0.rp_filter = 0
net.ipv4.conf.eth1.rp_filter = 0
Mon May 09 16:14:36 2016 : 3: eth1    inet 10.177.146.175/23 brd 10.177.147.255 scope global dynamic eth1\       valid_lft 14394sec preferred_lft 14394sec
Mon May 09 16:14:36 2016 : Setting 10.177.146.1 as default gateway on dev eth1
Mon May 09 16:14:36 2016 : Trying to ping 
Mon May 09 16:15:05 2016 : Successfully pinged 10.177.146.244 through synthetic eth1 (dhcp).
Mon May 09 16:15:05 2016 : Successfully pinged 10.177.146.244 on synthetic interface(s) eth1
Mon May 09 16:15:05 2016 : Checking for local disk space
Mon May 09 16:15:05 2016 : Enough free space locally to create the file
Mon May 09 16:15:05 2016 : Checking for disk space on 10.177.146.244
Executing: program /usr/bin/ssh host 10.177.146.244, user root, command scp -v -t /tmp
OpenSSH_6.6.1, OpenSSL 1.0.1e-fips 11 Feb 2013
debug1: Reading configuration data /etc/ssh/ssh_config
debug1: /etc/ssh/ssh_config line 56: Applying options for *
debug1: Connecting to 10.177.146.244 [10.177.146.244] port 22.
debug1: Connection established.
debug1: permanently_set_uid: 0/0
debug1: identity file /root/.ssh/rhel5_id_rsa type 1
debug1: identity file /root/.ssh/rhel5_id_rsa-cert type -1
debug1: Enabling compatibility mode for protocol 2.0
debug1: Local version string SSH-2.0-OpenSSH_6.6.1
debug1: Remote protocol version 2.0, remote software version OpenSSH_6.6.1
debug1: match: OpenSSH_6.6.1 pat OpenSSH_6.6.1* compat 0x04000000
debug1: SSH2_MSG_KEXINIT sent
debug1: SSH2_MSG_KEXINIT received
debug1: kex: server->client aes128-ctr hmac-md5-etm@openssh.com none
debug1: kex: client->server aes128-ctr hmac-md5-etm@openssh.com none
debug1: kex: curve25519-sha256@libssh.org need=16 dh_need=16
debug1: kex: curve25519-sha256@libssh.org need=16 dh_need=16
debug1: sending SSH2_MSG_KEX_ECDH_INIT
debug1: expecting SSH2_MSG_KEX_ECDH_REPLY
debug1: Server host key: ECDSA 2e:ca:c1:91:e5:19:f7:43:66:5c:8d:2a:27:70:d3:15
Warning: Permanently added '10.177.146.244' (ECDSA) to the list of known hosts.
debug1: ssh_ecdsa_verify: signature correct
debug1: SSH2_MSG_NEWKEYS sent
debug1: expecting SSH2_MSG_NEWKEYS
debug1: SSH2_MSG_NEWKEYS received
debug1: Roaming not allowed by server
debug1: SSH2_MSG_SERVICE_REQUEST sent
debug1: SSH2_MSG_SERVICE_ACCEPT received
debug1: Authentications that can continue: publickey,gssapi-keyex,gssapi-with-mic,password
debug1: Next authentication method: gssapi-keyex
debug1: No valid Key exchange context
debug1: Next authentication method: gssapi-with-mic
debug1: Unspecified GSS failure.  Minor code may provide more information
No Kerberos credentials available

debug1: Unspecified GSS failure.  Minor code may provide more information
No Kerberos credentials available

debug1: Unspecified GSS failure.  Minor code may provide more information


debug1: Unspecified GSS failure.  Minor code may provide more information
No Kerberos credentials available

debug1: Next authentication method: publickey
debug1: Offering RSA public key: /root/.ssh/rhel5_id_rsa
debug1: Server accepts key: pkalg ssh-rsa blen 277
debug1: key_parse_private2: missing begin marker
debug1: read PEM private key done: type RSA
debug1: Authentication succeeded (publickey).
Authenticated to 10.177.146.244 ([10.177.146.244]:22).
debug1: channel 0: new [client-session]
debug1: Requesting no-more-sessions@openssh.com
debug1: Entering interactive session.
debug1: Sending environment.
debug1: Sending env LANG = en_US.UTF-8
debug1: Sending command: scp -v -t /tmp
Sending file modes: C0644 54233 utils.sh
Sink: C0644 54233 utils.sh
debug1: client_input_channel_req: channel 0 rtype exit-status reply 0
debug1: channel 0: free: client-session, nchannels 1
debug1: fd 0 clearing O_NONBLOCK
debug1: fd 1 clearing O_NONBLOCK
debug1: fd 2 clearing O_NONBLOCK
Transferred: sent 57760, received 2616 bytes, in 0.1 seconds
Bytes per second: sent 512861.6, received 23227.9
debug1: Exit status 0
OpenSSH_6.6.1, OpenSSL 1.0.1e-fips 11 Feb 2013
debug1: Reading configuration data /etc/ssh/ssh_config
debug1: /etc/ssh/ssh_config line 56: Applying options for *
debug1: Connecting to 10.177.146.244 [10.177.146.244] port 22.
debug1: Connection established.
debug1: permanently_set_uid: 0/0
debug1: identity file /root/.ssh/rhel5_id_rsa type 1
debug1: identity file /root/.ssh/rhel5_id_rsa-cert type -1
debug1: Enabling compatibility mode for protocol 2.0
debug1: Local version string SSH-2.0-OpenSSH_6.6.1
debug1: Remote protocol version 2.0, remote software version OpenSSH_6.6.1
debug1: match: OpenSSH_6.6.1 pat OpenSSH_6.6.1* compat 0x04000000
debug1: SSH2_MSG_KEXINIT sent
debug1: SSH2_MSG_KEXINIT received
debug1: kex: server->client aes128-ctr hmac-md5-etm@openssh.com none
debug1: kex: client->server aes128-ctr hmac-md5-etm@openssh.com none
debug1: kex: curve25519-sha256@libssh.org need=16 dh_need=16
debug1: kex: curve25519-sha256@libssh.org need=16 dh_need=16
debug1: sending SSH2_MSG_KEX_ECDH_INIT
debug1: expecting SSH2_MSG_KEX_ECDH_REPLY
debug1: Server host key: ECDSA 2e:ca:c1:91:e5:19:f7:43:66:5c:8d:2a:27:70:d3:15
debug1: Host '10.177.146.244' is known and matches the ECDSA host key.
debug1: Found key in /root/.ssh/known_hosts:1
debug1: ssh_ecdsa_verify: signature correct
debug1: SSH2_MSG_NEWKEYS sent
debug1: expecting SSH2_MSG_NEWKEYS
debug1: SSH2_MSG_NEWKEYS received
debug1: Roaming not allowed by server
debug1: SSH2_MSG_SERVICE_REQUEST sent
debug1: SSH2_MSG_SERVICE_ACCEPT received
debug1: Authentications that can continue: publickey,gssapi-keyex,gssapi-with-mic,password
debug1: Next authentication method: gssapi-keyex
debug1: No valid Key exchange context
debug1: Next authentication method: gssapi-with-mic
debug1: Unspecified GSS failure.  Minor code may provide more information
No Kerberos credentials available

debug1: Unspecified GSS failure.  Minor code may provide more information
No Kerberos credentials available

debug1: Unspecified GSS failure.  Minor code may provide more information


debug1: Unspecified GSS failure.  Minor code may provide more information
No Kerberos credentials available

debug1: Next authentication method: publickey
debug1: Offering RSA public key: /root/.ssh/rhel5_id_rsa
debug1: Server accepts key: pkalg ssh-rsa blen 277
debug1: key_parse_private2: missing begin marker
debug1: read PEM private key done: type RSA
debug1: Authentication succeeded (publickey).
Authenticated to 10.177.146.244 ([10.177.146.244]:22).
debug1: channel 0: new [client-session]
debug1: Requesting no-more-sessions@openssh.com
debug1: Entering interactive session.
debug1: Sending environment.
debug1: Sending env LANG = en_US.UTF-8
debug1: Sending command: 
	. /tmp/utils.sh
	IsFreeSpace "$HOME" 2147483648
	if [ 0 -ne $? ]; then
		exit 1
	fi
	echo "$HOME"
	exit 0
	
debug1: client_input_channel_req: channel 0 rtype exit-status reply 0
debug1: channel 0: free: client-session, nchannels 1
debug1: fd 0 clearing O_NONBLOCK
debug1: fd 1 clearing O_NONBLOCK
debug1: fd 2 clearing O_NONBLOCK
Transferred: sent 3504, received 2540 bytes, in 0.1 seconds
Bytes per second: sent 60630.0, received 43949.9
debug1: Exit status 0
Mon May 09 16:15:06 2016 : Enough free space remotely to create the file
2048+0 records in
2048+0 records out
2147483648 bytes (2.1 GB) copied, 1.99091 s, 1.1 GB/s
Mon May 09 16:15:08 2016 : Successfully created large_file_3478
Executing: program /usr/bin/ssh host 10.177.146.244, user root, command scp -v -t /root/large_file_3478
OpenSSH_6.6.1, OpenSSL 1.0.1e-fips 11 Feb 2013
debug1: Reading configuration data /etc/ssh/ssh_config
debug1: /etc/ssh/ssh_config line 56: Applying options for *
debug1: Connecting to 10.177.146.244 [10.177.146.244] port 22.
debug1: Connection established.
debug1: permanently_set_uid: 0/0
debug1: identity file /root/.ssh/rhel5_id_rsa type 1
debug1: identity file /root/.ssh/rhel5_id_rsa-cert type -1
debug1: Enabling compatibility mode for protocol 2.0
debug1: Local version string SSH-2.0-OpenSSH_6.6.1
debug1: Remote protocol version 2.0, remote software version OpenSSH_6.6.1
debug1: match: OpenSSH_6.6.1 pat OpenSSH_6.6.1* compat 0x04000000
debug1: SSH2_MSG_KEXINIT sent
debug1: SSH2_MSG_KEXINIT received
debug1: kex: server->client aes128-ctr hmac-md5-etm@openssh.com none
debug1: kex: client->server aes128-ctr hmac-md5-etm@openssh.com none
debug1: kex: curve25519-sha256@libssh.org need=16 dh_need=16
debug1: kex: curve25519-sha256@libssh.org need=16 dh_need=16
debug1: sending SSH2_MSG_KEX_ECDH_INIT
debug1: expecting SSH2_MSG_KEX_ECDH_REPLY
debug1: Server host key: ECDSA 2e:ca:c1:91:e5:19:f7:43:66:5c:8d:2a:27:70:d3:15
debug1: Host '10.177.146.244' is known and matches the ECDSA host key.
debug1: Found key in /root/.ssh/known_hosts:1
debug1: ssh_ecdsa_verify: signature correct
debug1: SSH2_MSG_NEWKEYS sent
debug1: expecting SSH2_MSG_NEWKEYS
debug1: SSH2_MSG_NEWKEYS received
debug1: Roaming not allowed by server
debug1: SSH2_MSG_SERVICE_REQUEST sent
debug1: SSH2_MSG_SERVICE_ACCEPT received
debug1: Authentications that can continue: publickey,gssapi-keyex,gssapi-with-mic,password
debug1: Next authentication method: gssapi-keyex
debug1: No valid Key exchange context
debug1: Next authentication method: gssapi-with-mic
debug1: Unspecified GSS failure.  Minor code may provide more information
No Kerberos credentials available

debug1: Unspecified GSS failure.  Minor code may provide more information
No Kerberos credentials available

debug1: Unspecified GSS failure.  Minor code may provide more information


debug1: Unspecified GSS failure.  Minor code may provide more information
No Kerberos credentials available

debug1: Next authentication method: publickey
debug1: Offering RSA public key: /root/.ssh/rhel5_id_rsa
debug1: Server accepts key: pkalg ssh-rsa blen 277
debug1: key_parse_private2: missing begin marker
debug1: read PEM private key done: type RSA
debug1: Authentication succeeded (publickey).
Authenticated to 10.177.146.244 ([10.177.146.244]:22).
debug1: channel 0: new [client-session]
debug1: Requesting no-more-sessions@openssh.com
debug1: Entering interactive session.
debug1: Sending environment.
debug1: Sending env LANG = en_US.UTF-8
debug1: Sending command: scp -v -t /root/large_file_3478
Sending file modes: C0644 2147483648 large_file_3478
Sink: C0644 2147483648 large_file_3478
debug1: client_input_channel_req: channel 0 rtype exit-status reply 0
debug1: channel 0: free: client-session, nchannels 1
debug1: fd 0 clearing O_NONBLOCK
debug1: fd 1 clearing O_NONBLOCK
debug1: fd 2 clearing O_NONBLOCK
Transferred: sent 2150031824, received 450852 bytes, in 21.9 seconds
Bytes per second: sent 98389638.6, received 20631.9
debug1: Exit status 0
Mon May 09 16:15:37 2016 : Successfully sent large_file_3478 to 10.177.146.244:/root/large_file_3478
Executing: program /usr/bin/ssh host 10.177.146.244, user root, command scp -v -f /root/large_file_3478
OpenSSH_6.6.1, OpenSSL 1.0.1e-fips 11 Feb 2013
debug1: Reading configuration data /etc/ssh/ssh_config
debug1: /etc/ssh/ssh_config line 56: Applying options for *
debug1: Connecting to 10.177.146.244 [10.177.146.244] port 22.
debug1: Connection established.
debug1: permanently_set_uid: 0/0
debug1: identity file /root/.ssh/rhel5_id_rsa type 1
debug1: identity file /root/.ssh/rhel5_id_rsa-cert type -1
debug1: Enabling compatibility mode for protocol 2.0
debug1: Local version string SSH-2.0-OpenSSH_6.6.1
debug1: Remote protocol version 2.0, remote software version OpenSSH_6.6.1
debug1: match: OpenSSH_6.6.1 pat OpenSSH_6.6.1* compat 0x04000000
debug1: SSH2_MSG_KEXINIT sent
debug1: SSH2_MSG_KEXINIT received
debug1: kex: server->client aes128-ctr hmac-md5-etm@openssh.com none
debug1: kex: client->server aes128-ctr hmac-md5-etm@openssh.com none
debug1: kex: curve25519-sha256@libssh.org need=16 dh_need=16
debug1: kex: curve25519-sha256@libssh.org need=16 dh_need=16
debug1: sending SSH2_MSG_KEX_ECDH_INIT
debug1: expecting SSH2_MSG_KEX_ECDH_REPLY
debug1: Server host key: ECDSA 2e:ca:c1:91:e5:19:f7:43:66:5c:8d:2a:27:70:d3:15
debug1: Host '10.177.146.244' is known and matches the ECDSA host key.
debug1: Found key in /root/.ssh/known_hosts:1
debug1: ssh_ecdsa_verify: signature correct
debug1: SSH2_MSG_NEWKEYS sent
debug1: expecting SSH2_MSG_NEWKEYS
debug1: SSH2_MSG_NEWKEYS received
debug1: Roaming not allowed by server
debug1: SSH2_MSG_SERVICE_REQUEST sent
debug1: SSH2_MSG_SERVICE_ACCEPT received
debug1: Authentications that can continue: publickey,gssapi-keyex,gssapi-with-mic,password
debug1: Next authentication method: gssapi-keyex
debug1: No valid Key exchange context
debug1: Next authentication method: gssapi-with-mic
debug1: Unspecified GSS failure.  Minor code may provide more information
No Kerberos credentials available

debug1: Unspecified GSS failure.  Minor code may provide more information
No Kerberos credentials available

debug1: Unspecified GSS failure.  Minor code may provide more information


debug1: Unspecified GSS failure.  Minor code may provide more information
No Kerberos credentials available

debug1: Next authentication method: publickey
debug1: Offering RSA public key: /root/.ssh/rhel5_id_rsa
debug1: Server accepts key: pkalg ssh-rsa blen 277
debug1: key_parse_private2: missing begin marker
debug1: read PEM private key done: type RSA
debug1: Authentication succeeded (publickey).
Authenticated to 10.177.146.244 ([10.177.146.244]:22).
debug1: channel 0: new [client-session]
debug1: Requesting no-more-sessions@openssh.com
debug1: Entering interactive session.
debug1: Sending environment.
debug1: Sending env LANG = en_US.UTF-8
debug1: Sending command: scp -v -f /root/large_file_3478
Sending file modes: C0644 2147483648 large_file_3478
Sink: C0644 2147483648 large_file_3478
debug1: client_input_channel_req: channel 0 rtype exit-status reply 0
debug1: client_input_channel_req: channel 0 rtype eow@openssh.com reply 0
debug1: channel 0: free: client-session, nchannels 1
debug1: fd 0 clearing O_NONBLOCK
debug1: fd 1 clearing O_NONBLOCK
debug1: fd 2 clearing O_NONBLOCK
Transferred: sent 401884, received 2150019224 bytes, in 21.0 seconds
Bytes per second: sent 19137.1, received 102380697.3
debug1: Exit status 0
Mon May 09 16:15:59 2016 : Received large_file_3478 from 10.177.146.244
OpenSSH_6.6.1, OpenSSL 1.0.1e-fips 11 Feb 2013
debug1: Reading configuration data /etc/ssh/ssh_config
debug1: /etc/ssh/ssh_config line 56: Applying options for *
debug1: Connecting to 10.177.146.244 [10.177.146.244] port 22.
debug1: Connection established.
debug1: permanently_set_uid: 0/0
debug1: identity file /root/.ssh/rhel5_id_rsa type 1
debug1: identity file /root/.ssh/rhel5_id_rsa-cert type -1
debug1: Enabling compatibility mode for protocol 2.0
debug1: Local version string SSH-2.0-OpenSSH_6.6.1
debug1: Remote protocol version 2.0, remote software version OpenSSH_6.6.1
debug1: match: OpenSSH_6.6.1 pat OpenSSH_6.6.1* compat 0x04000000
debug1: SSH2_MSG_KEXINIT sent
debug1: SSH2_MSG_KEXINIT received
debug1: kex: server->client aes128-ctr hmac-md5-etm@openssh.com none
debug1: kex: client->server aes128-ctr hmac-md5-etm@openssh.com none
debug1: kex: curve25519-sha256@libssh.org need=16 dh_need=16
debug1: kex: curve25519-sha256@libssh.org need=16 dh_need=16
debug1: sending SSH2_MSG_KEX_ECDH_INIT
debug1: expecting SSH2_MSG_KEX_ECDH_REPLY
debug1: Server host key: ECDSA 2e:ca:c1:91:e5:19:f7:43:66:5c:8d:2a:27:70:d3:15
debug1: Host '10.177.146.244' is known and matches the ECDSA host key.
debug1: Found key in /root/.ssh/known_hosts:1
debug1: ssh_ecdsa_verify: signature correct
debug1: SSH2_MSG_NEWKEYS sent
debug1: expecting SSH2_MSG_NEWKEYS
debug1: SSH2_MSG_NEWKEYS received
debug1: Roaming not allowed by server
debug1: SSH2_MSG_SERVICE_REQUEST sent
debug1: SSH2_MSG_SERVICE_ACCEPT received
debug1: Authentications that can continue: publickey,gssapi-keyex,gssapi-with-mic,password
debug1: Next authentication method: gssapi-keyex
debug1: No valid Key exchange context
debug1: Next authentication method: gssapi-with-mic
debug1: Unspecified GSS failure.  Minor code may provide more information
No Kerberos credentials available

debug1: Unspecified GSS failure.  Minor code may provide more information
No Kerberos credentials available

debug1: Unspecified GSS failure.  Minor code may provide more information


debug1: Unspecified GSS failure.  Minor code may provide more information
No Kerberos credentials available

debug1: Next authentication method: publickey
debug1: Offering RSA public key: /root/.ssh/rhel5_id_rsa
debug1: Server accepts key: pkalg ssh-rsa blen 277
debug1: key_parse_private2: missing begin marker
debug1: read PEM private key done: type RSA
debug1: Authentication succeeded (publickey).
Authenticated to 10.177.146.244 ([10.177.146.244]:22).
debug1: channel 0: new [client-session]
debug1: Requesting no-more-sessions@openssh.com
debug1: Entering interactive session.
debug1: Sending environment.
debug1: Sending env LANG = en_US.UTF-8
debug1: Sending command: rm -f /root/large_file_3478
debug1: client_input_channel_req: channel 0 rtype exit-status reply 0
debug1: channel 0: free: client-session, nchannels 1
debug1: fd 0 clearing O_NONBLOCK
debug1: fd 1 clearing O_NONBLOCK
Transferred: sent 3404, received 2504 bytes, in 0.3 seconds
Bytes per second: sent 10033.7, received 7380.9
debug1: Exit status 0
Mon May 09 16:16:07 2016 : Updating test case state to completed
