Mon May 09 14:17:06 2016 : Updating test case state to running
Mon May 09 14:17:06 2016 : Cleaning up previous copies of summary.log
Mon May 09 14:17:06 2016 : 8 CPUs found
Mon May 09 14:17:06 2016 : CPU 0 interrupt count = 1
Mon May 09 14:17:06 2016 : NMI received at CPU 0
Mon May 09 14:17:06 2016 : CPU 1 interrupt count = 1
Mon May 09 14:17:06 2016 : NMI received at CPU 1
Mon May 09 14:17:06 2016 : CPU 2 interrupt count = 1
Mon May 09 14:17:06 2016 : NMI received at CPU 2
Mon May 09 14:17:06 2016 : CPU 3 interrupt count = 1
Mon May 09 14:17:06 2016 : NMI received at CPU 3
Mon May 09 14:17:06 2016 : CPU 4 interrupt count = 1
Mon May 09 14:17:06 2016 : NMI received at CPU 4
Mon May 09 14:17:06 2016 : CPU 5 interrupt count = 1
Mon May 09 14:17:06 2016 : NMI received at CPU 5
Mon May 09 14:17:06 2016 : CPU 6 interrupt count = 1
Mon May 09 14:17:06 2016 : NMI received at CPU 6
Mon May 09 14:17:06 2016 : CPU 7 interrupt count = 1
Mon May 09 14:17:06 2016 : NMI received at CPU 7
Mon May 09 14:17:06 2016 : Test completed successfully
