Mon May 09 14:12:59 2016 : Cleaning up previous copies of summary.log
Mon May 09 14:12:59 2016 : Updating test case state to running
Mon May 09 14:12:59 2016 : The Linux guest detected the drive
Welcome to fdisk (util-linux 2.23.2).

Changes will remain in memory only, until you decide to write them.
Be careful before using the write command.


Command (m for help): Partition type:
   p   primary (0 primary, 0 extended, 4 free)
   e   extended
Select (default p): Partition number (1-4, default 1): First sector (256-1048575, default 256): Using default value 256
Last sector, +sectors or +size{K,M,G} (256-1048575, default 1048575): Using default value 1048575
Partition 1 of type Linux and of size 4 GiB is set

Command (m for help): The partition table has been altered!

Calling ioctl() to re-read partition table.
Syncing disks.
Mon May 09 14:12:59 2016 : Partition restored
e2fsck 1.42.9 (28-Dec-2013)
Pass 1: Checking inodes, blocks, and sizes
Pass 2: Checking directory structure
Pass 3: Checking directory connectivity
Pass 4: Checking reference counts
Pass 5: Checking group summary information

          11 inodes used (0.01%, out of 196608)
           0 non-contiguous files (0.0%)
           0 non-contiguous directories (0.0%)
             # of inodes with ind/dind/tind blocks: 0/0/0
             Extent depth histogram: 3
       31036 blocks used (3.95%, out of 786176)
           0 bad blocks
           1 large file

           0 regular files
           2 directories
           0 character device files
           0 block device files
           0 fifos
           0 links
           0 symbolic links (0 fast symbolic links)
           0 sockets
------------
           2 files
Mon May 09 14:12:59 2016 : Filesystem checked
resize2fs 1.42.9 (28-Dec-2013)
Resizing the filesystem on /dev/sdb1 to 1048320 (4k) blocks.
The filesystem on /dev/sdb1 is now 1048320 blocks long.

Mon May 09 14:12:59 2016 : Filesystem resized
Mon May 09 14:12:59 2016 : Partition mount successful
dos2unix: converting file STOR_VHDXResize_ReadWrite.sh to Unix format ...
Welcome to fdisk (util-linux 2.23.2).

Changes will remain in memory only, until you decide to write them.
Be careful before using the write command.


Command (m for help): Selected partition 1
Partition 1 is deleted

Command (m for help): The partition table has been altered!

Calling ioctl() to re-read partition table.
Syncing disks.
Mon May 09 14:12:59 2016 : Delete partition successful
